<?xml version="1.0" encoding="UTF-8" ?>
<testsuite tests="7" failures="1" name="tests.EndtoEndTest" time="7.875" errors="0" skipped="3">
  <properties>
[...]
</properties>
  <testcase classname="tests.EndtoEndTest" name="CreateBooking" time="4.687"/>
  <testcase classname="tests.EndtoEndTest" name="ModifyExistingPayload" time="0.078"/>
  <testcase classname="tests.EndtoEndTest" name="getAuth" time="1.438"/>
  <testcase classname="tests.EndtoEndTest" name="UpdateBookingDetailsUsingPost" time="1.672">
    <failure message="1 expectation failed.
Expected response time was not a value less than &lt;1500L&gt; milliseconds, was 1532 milliseconds (1532 milliseconds)." type="java.lang.AssertionError">java.lang.AssertionError: 1 expectation failed.
Expected response time was not a value less than &lt;1500L&gt; milliseconds, was 1532 milliseconds (1532 milliseconds).
	at java.base/jdk.internal.reflect.NativeConstructorAccessorImpl.newInstance0(Native Method)
	at java.base/jdk.internal.reflect.NativeConstructorAccessorImpl.newInstance(NativeConstructorAccessorImpl.java:62)
	at java.base/jdk.internal.reflect.DelegatingConstructorAccessorImpl.newInstance(DelegatingConstructorAccessorImpl.java:45)
	at java.base/java.lang.reflect.Constructor.newInstance(Constructor.java:490)
	at org.codehaus.groovy.reflection.CachedConstructor.invoke(CachedConstructor.java:73)
	at org.codehaus.groovy.reflection.CachedConstructor.doConstructorInvoke(CachedConstructor.java:60)
	at org.codehaus.groovy.runtime.callsite.ConstructorSite$ConstructorSiteNoUnwrap.callConstructor(ConstructorSite.java:86)
	at org.codehaus.groovy.runtime.callsite.CallSiteArray.defaultCallConstructor(CallSiteArray.java:58)
	at org.codehaus.groovy.runtime.callsite.AbstractCallSite.callConstructor(AbstractCallSite.java:263)
	at org.codehaus.groovy.runtime.callsite.AbstractCallSite.callConstructor(AbstractCallSite.java:277)
	at io.restassured.internal.ResponseSpecificationImpl$HamcrestAssertionClosure.validate(ResponseSpecificationImpl.groovy:505)
	at io.restassured.internal.ResponseSpecificationImpl$HamcrestAssertionClosure$validate$1.call(Unknown Source)
	at org.codehaus.groovy.runtime.callsite.CallSiteArray.defaultCall(CallSiteArray.java:46)
	at org.codehaus.groovy.runtime.callsite.AbstractCallSite.call(AbstractCallSite.java:125)
	at org.codehaus.groovy.runtime.callsite.AbstractCallSite.call(AbstractCallSite.java:139)
	at io.restassured.internal.ResponseSpecificationImpl.validateResponseIfRequired(ResponseSpecificationImpl.groovy:687)
	at io.restassured.internal.ResponseSpecificationImpl.this$2$validateResponseIfRequired(ResponseSpecificationImpl.groovy)
	at java.base/jdk.internal.reflect.NativeMethodAccessorImpl.invoke0(Native Method)
	at java.base/jdk.internal.reflect.NativeMethodAccessorImpl.invoke(NativeMethodAccessorImpl.java:62)
	at java.base/jdk.internal.reflect.DelegatingMethodAccessorImpl.invoke(DelegatingMethodAccessorImpl.java:43)
	at java.base/java.lang.reflect.Method.invoke(Method.java:566)
	at org.codehaus.groovy.runtime.callsite.PlainObjectMetaMethodSite.doInvoke(PlainObjectMetaMethodSite.java:43)
	at org.codehaus.groovy.runtime.callsite.PogoMetaMethodSite$PogoCachedMethodSiteNoUnwrapNoCoerce.invoke(PogoMetaMethodSite.java:198)
	at org.codehaus.groovy.runtime.callsite.PogoMetaMethodSite.callCurrent(PogoMetaMethodSite.java:62)
	at org.codehaus.groovy.runtime.callsite.CallSiteArray.defaultCallCurrent(CallSiteArray.java:50)
	at org.codehaus.groovy.runtime.callsite.AbstractCallSite.callCurrent(AbstractCallSite.java:171)
	at org.codehaus.groovy.runtime.callsite.AbstractCallSite.callCurrent(AbstractCallSite.java:185)
	at io.restassured.internal.ResponseSpecificationImpl.time(ResponseSpecificationImpl.groovy:120)
	at io.restassured.internal.ValidatableResponseOptionsImpl.time(ValidatableResponseOptionsImpl.java:409)
	at io.restassured.internal.ValidatableResponseOptionsImpl.time(ValidatableResponseOptionsImpl.java:405)
	at tests.EndtoEndTest.UpdateBookingDetailsUsingPost(EndtoEndTest.java:64)
</failure>
    <system-out>{&quot;firstname&quot;:&quot;HRewr&quot;,&quot;lastname&quot;:&quot;Test2&quot;,&quot;totalprice&quot;:899,&quot;depositpaid&quot;:true,&quot;bookingdates&quot;:{&quot;checkin&quot;:&quot;2020-01-01&quot;,&quot;checkout&quot;:&quot;2020-01-01&quot;},&quot;additionalneeds&quot;:&quot;Dinner&quot;}
</system-out>
  </testcase>
  <testcase classname="tests.EndtoEndTest" name="UpdatepartialBookingDetailsUsingPatch" time="0">
    <skipped/>
  </testcase>
  <testcase classname="tests.EndtoEndTest" name="deleteBookingDetails" time="0">
    <skipped/>
  </testcase>
  <testcase classname="tests.EndtoEndTest" name="GetBookingDetailsfterdelete" time="0">
    <skipped/>
  </testcase>
</testsuite>