<?xml version="1.0" encoding="UTF-8"?>
<testsuite xmlns:xsi="http://www.w3.org/2001/XMLSchema-instance" xsi:noNamespaceSchemaLocation="https://maven.apache.org/surefire/maven-surefire-plugin/xsd/surefire-test-report-3.0.xsd" version="3.0" name="TestSuite" time="0.625" tests="6" errors="0" skipped="0" failures="0">
  <properties>
[...]
</properties>
  <testcase name="Test2" classname="tests.CommonTests" time="0.016">
    <system-out><![CDATA[this is Test2 smoke
]]></system-out>
    <system-err><![CDATA[SLF4J: Failed to load class "org.slf4j.impl.StaticLoggerBinder".
SLF4J: Defaulting to no-operation (NOP) logger implementation
SLF4J: See http://www.slf4j.org/codes.html#StaticLoggerBinder for further details.
]]></system-err>
  </testcase>
  <testcase name="Test4" classname="tests.CommonTests" time="0">
    <system-out><![CDATA[this is Test4 smoke
]]></system-out>
  </testcase>
  <testcase name="Test6" classname="tests.CommonTests" time="0.015">
    <system-out><![CDATA[this is Test6 smoke
]]></system-out>
  </testcase>
  <testcase name="Test6" classname="tests.CommonTests" time="0">
    <system-out><![CDATA[this is Test6 smoke
]]></system-out>
  </testcase>
  <testcase name="Test6" classname="tests.CommonTests" time="0">
    <system-out><![CDATA[this is Test6 smoke
]]></system-out>
  </testcase>
  <testcase name="Test6" classname="tests.CommonTests" time="0">
    <system-out><![CDATA[this is Test6 smoke
]]></system-out>
  </testcase>
</testsuite>