<?xml version="1.0" encoding="UTF-8"?>
<testng-results ignored="3" total="9" passed="6" failed="0" skipped="0">
  <reporter-output>
  </reporter-output>
  <suite started-at="2022-05-14T14:32:23 IST" name="Automation" finished-at="2022-05-14T14:32:24 IST" duration-ms="62">
    <groups>
      <group name="regression">
        <method signature="CommonTests.Test2()[pri:0, instance:tests.CommonTests@24fcf36f]" name="Test2" class="tests.CommonTests"/>
        <method signature="CommonTests.Test4()[pri:0, instance:tests.CommonTests@24fcf36f]" name="Test4" class="tests.CommonTests"/>
      </group> <!-- regression -->
      <group name="smoke">
        <method signature="CommonTests.Test2()[pri:0, instance:tests.CommonTests@24fcf36f]" name="Test2" class="tests.CommonTests"/>
        <method signature="CommonTests.Test4()[pri:0, instance:tests.CommonTests@24fcf36f]" name="Test4" class="tests.CommonTests"/>
        <method signature="CommonTests.Test6()[pri:0, instance:tests.CommonTests@24fcf36f]" name="Test6" class="tests.CommonTests"/>
      </group> <!-- smoke -->
    </groups>
    <test started-at="2022-05-14T14:32:23 IST" name="Booking Tests" finished-at="2022-05-14T14:32:24 IST" duration-ms="62">
      <class name="tests.CommonTests">
        <test-method signature="Test2()[pri:0, instance:tests.CommonTests@24fcf36f]" started-at="2022-05-14T14:32:23 IST" name="Test2" finished-at="2022-05-14T14:32:23 IST" duration-ms="16" status="PASS">
          <reporter-output>
          </reporter-output>
        </test-method> <!-- Test2 -->
        <test-method signature="Test6()[pri:0, instance:tests.CommonTests@24fcf36f]" started-at="2022-05-14T14:32:23 IST" name="Test6" finished-at="2022-05-14T14:32:23 IST" duration-ms="0" status="PASS">
          <reporter-output>
          </reporter-output>
        </test-method> <!-- Test6 -->
        <test-method signature="Test6()[pri:0, instance:tests.CommonTests@24fcf36f]" started-at="2022-05-14T14:32:23 IST" name="Test6" finished-at="2022-05-14T14:32:23 IST" duration-ms="0" status="PASS">
          <reporter-output>
          </reporter-output>
        </test-method> <!-- Test6 -->
        <test-method signature="Test6()[pri:0, instance:tests.CommonTests@24fcf36f]" started-at="2022-05-14T14:32:23 IST" name="Test6" finished-at="2022-05-14T14:32:23 IST" duration-ms="0" status="PASS">
          <reporter-output>
          </reporter-output>
        </test-method> <!-- Test6 -->
        <test-method signature="Test6()[pri:0, instance:tests.CommonTests@24fcf36f]" started-at="2022-05-14T14:32:23 IST" name="Test6" finished-at="2022-05-14T14:32:23 IST" duration-ms="0" status="PASS">
          <reporter-output>
          </reporter-output>
        </test-method> <!-- Test6 -->
        <test-method signature="Test4()[pri:0, instance:tests.CommonTests@24fcf36f]" started-at="2022-05-14T14:32:23 IST" name="Test4" finished-at="2022-05-14T14:32:23 IST" duration-ms="0" status="PASS">
          <reporter-output>
          </reporter-output>
        </test-method> <!-- Test4 -->
      </class> <!-- tests.CommonTests -->
    </test> <!-- Booking Tests -->
  </suite> <!-- Automation -->
</testng-results>
