<?xml version="1.0" encoding="UTF-8"?>
<!-- Generated by org.testng.reporters.JUnitXMLReporter -->
<testsuite ignored="3" hostname="DESKTOP-DKAMDAI" failures="0" tests="6" name="Booking Tests" time="0.062" errors="0" timestamp="2022-05-14T14:32:24 IST">
  <testcase classname="tests.CommonTests" name="Test2" time="0.016"/>
  <testcase classname="tests.CommonTests" name="Test4" time="0.0"/>
  <testcase classname="tests.CommonTests" name="Test6" time="0.0"/>
  <testcase classname="tests.CommonTests" name="Test6" time="0.0"/>
  <testcase classname="tests.CommonTests" name="Test6" time="0.0"/>
  <testcase classname="tests.CommonTests" name="Test6" time="0.0"/>
  <testcase classname="tests.CommonTests" name="Test5" time="0.0">
    <ignored/>
  </testcase> <!-- Test5 -->
  <testcase classname="tests.CommonTests" name="Test1" time="0.0">
    <ignored/>
  </testcase> <!-- Test1 -->
  <testcase classname="tests.CommonTests" name="Test3" time="0.0">
    <ignored/>
  </testcase> <!-- Test3 -->
</testsuite> <!-- Booking Tests -->
