<?xml version="1.0" encoding="UTF-8"?>
<!-- Generated by org.testng.reporters.JUnitXMLReporter -->
<testsuite ignored="1" hostname="DESKTOP-DKAMDAI" failures="0" tests="5" name="Booking Tests" time="0.058" errors="0" timestamp="2022-05-10T23:08:17 IST">
  <testcase classname="tests.CommonTests" name="Test2" time="0.007"/>
  <testcase classname="tests.CommonTests" name="Test1" time="0.007"/>
  <testcase classname="tests.CommonTests" name="Test4" time="0.001"/>
  <testcase classname="tests.CommonTests" name="Test3" time="0.001"/>
  <testcase classname="tests.CommonTests" name="Test5" time="0.001"/>
  <testcase classname="tests.CommonTests" name="Test6" time="0.0">
    <ignored/>
  </testcase> <!-- Test6 -->
</testsuite> <!-- Booking Tests -->
